                                 Started job on |	May 06 08:27:11
                             Started mapping on |	May 06 08:27:11
                                    Finished on |	May 06 08:27:32
       Mapping speed, Million of reads per hour |	8.27

                          Number of input reads |	48270
                      Average input read length |	91
                                    UNIQUE READS:
                   Uniquely mapped reads number |	36620
                        Uniquely mapped reads % |	75.86%
                          Average mapped length |	91.09
                       Number of splices: Total |	2817
            Number of splices: Annotated (sjdb) |	0
                       Number of splices: GT/AG |	2207
                       Number of splices: GC/AG |	48
                       Number of splices: AT/AC |	0
               Number of splices: Non-canonical |	562
                      Mismatch rate per base, % |	2.37%
                         Deletion rate per base |	0.07%
                        Deletion average length |	1.87
                        Insertion rate per base |	0.07%
                       Insertion average length |	2.25
                             MULTI-MAPPING READS:
        Number of reads mapped to multiple loci |	6400
             % of reads mapped to multiple loci |	13.26%
        Number of reads mapped to too many loci |	402
             % of reads mapped to too many loci |	0.83%
                                  UNMAPPED READS:
  Number of reads unmapped: too many mismatches |	0
       % of reads unmapped: too many mismatches |	0.00%
            Number of reads unmapped: too short |	4557
                 % of reads unmapped: too short |	9.44%
                Number of reads unmapped: other |	291
                     % of reads unmapped: other |	0.60%
                                  CHIMERIC READS:
                       Number of chimeric reads |	0
                            % of chimeric reads |	0.00%
