                                 Started job on |	May 04 15:38:38
                             Started mapping on |	May 04 15:38:38
                                    Finished on |	May 04 15:51:13
       Mapping speed, Million of reads per hour |	1.18

                          Number of input reads |	247936
                      Average input read length |	196
                                    UNIQUE READS:
                   Uniquely mapped reads number |	157920
                        Uniquely mapped reads % |	63.69%
                          Average mapped length |	191.91
                       Number of splices: Total |	35699
            Number of splices: Annotated (sjdb) |	0
                       Number of splices: GT/AG |	25355
                       Number of splices: GC/AG |	483
                       Number of splices: AT/AC |	105
               Number of splices: Non-canonical |	9756
                      Mismatch rate per base, % |	1.11%
                         Deletion rate per base |	0.05%
                        Deletion average length |	1.96
                        Insertion rate per base |	0.05%
                       Insertion average length |	2.26
                             MULTI-MAPPING READS:
        Number of reads mapped to multiple loci |	14776
             % of reads mapped to multiple loci |	5.96%
        Number of reads mapped to too many loci |	355
             % of reads mapped to too many loci |	0.14%
                                  UNMAPPED READS:
  Number of reads unmapped: too many mismatches |	0
       % of reads unmapped: too many mismatches |	0.00%
            Number of reads unmapped: too short |	37358
                 % of reads unmapped: too short |	15.07%
                Number of reads unmapped: other |	37527
                     % of reads unmapped: other |	15.14%
                                  CHIMERIC READS:
                       Number of chimeric reads |	0
                            % of chimeric reads |	0.00%
