                                 Started job on |	May 06 09:32:16
                             Started mapping on |	May 06 09:32:16
                                    Finished on |	May 06 09:45:41
       Mapping speed, Million of reads per hour |	1.26

                          Number of input reads |	282281
                      Average input read length |	196
                                    UNIQUE READS:
                   Uniquely mapped reads number |	194394
                        Uniquely mapped reads % |	68.87%
                          Average mapped length |	192.52
                       Number of splices: Total |	40937
            Number of splices: Annotated (sjdb) |	0
                       Number of splices: GT/AG |	30925
                       Number of splices: GC/AG |	430
                       Number of splices: AT/AC |	39
               Number of splices: Non-canonical |	9543
                      Mismatch rate per base, % |	0.86%
                         Deletion rate per base |	0.03%
                        Deletion average length |	2.18
                        Insertion rate per base |	0.05%
                       Insertion average length |	2.15
                             MULTI-MAPPING READS:
        Number of reads mapped to multiple loci |	12676
             % of reads mapped to multiple loci |	4.49%
        Number of reads mapped to too many loci |	307
             % of reads mapped to too many loci |	0.11%
                                  UNMAPPED READS:
  Number of reads unmapped: too many mismatches |	0
       % of reads unmapped: too many mismatches |	0.00%
            Number of reads unmapped: too short |	41912
                 % of reads unmapped: too short |	14.85%
                Number of reads unmapped: other |	32992
                     % of reads unmapped: other |	11.69%
                                  CHIMERIC READS:
                       Number of chimeric reads |	0
                            % of chimeric reads |	0.00%
