                                 Started job on |	May 06 10:56:20
                             Started mapping on |	May 06 10:56:20
                                    Finished on |	May 06 10:56:29
       Mapping speed, Million of reads per hour |	6.12

                          Number of input reads |	15306
                      Average input read length |	84
                                    UNIQUE READS:
                   Uniquely mapped reads number |	10476
                        Uniquely mapped reads % |	68.44%
                          Average mapped length |	87.14
                       Number of splices: Total |	750
            Number of splices: Annotated (sjdb) |	0
                       Number of splices: GT/AG |	586
                       Number of splices: GC/AG |	7
                       Number of splices: AT/AC |	0
               Number of splices: Non-canonical |	157
                      Mismatch rate per base, % |	2.04%
                         Deletion rate per base |	0.76%
                        Deletion average length |	3.76
                        Insertion rate per base |	0.05%
                       Insertion average length |	2.36
                             MULTI-MAPPING READS:
        Number of reads mapped to multiple loci |	2191
             % of reads mapped to multiple loci |	14.31%
        Number of reads mapped to too many loci |	329
             % of reads mapped to too many loci |	2.15%
                                  UNMAPPED READS:
  Number of reads unmapped: too many mismatches |	0
       % of reads unmapped: too many mismatches |	0.00%
            Number of reads unmapped: too short |	2225
                 % of reads unmapped: too short |	14.54%
                Number of reads unmapped: other |	85
                     % of reads unmapped: other |	0.56%
                                  CHIMERIC READS:
                       Number of chimeric reads |	0
                            % of chimeric reads |	0.00%
