                                 Started job on |	May 06 10:26:56
                             Started mapping on |	May 06 10:26:56
                                    Finished on |	May 06 10:45:59
       Mapping speed, Million of reads per hour |	0.97

                          Number of input reads |	307290
                      Average input read length |	195
                                    UNIQUE READS:
                   Uniquely mapped reads number |	198239
                        Uniquely mapped reads % |	64.51%
                          Average mapped length |	191.08
                       Number of splices: Total |	54201
            Number of splices: Annotated (sjdb) |	0
                       Number of splices: GT/AG |	40464
                       Number of splices: GC/AG |	684
                       Number of splices: AT/AC |	41
               Number of splices: Non-canonical |	13012
                      Mismatch rate per base, % |	1.24%
                         Deletion rate per base |	0.05%
                        Deletion average length |	2.00
                        Insertion rate per base |	0.05%
                       Insertion average length |	2.39
                             MULTI-MAPPING READS:
        Number of reads mapped to multiple loci |	20661
             % of reads mapped to multiple loci |	6.72%
        Number of reads mapped to too many loci |	455
             % of reads mapped to too many loci |	0.15%
                                  UNMAPPED READS:
  Number of reads unmapped: too many mismatches |	0
       % of reads unmapped: too many mismatches |	0.00%
            Number of reads unmapped: too short |	43857
                 % of reads unmapped: too short |	14.27%
                Number of reads unmapped: other |	44078
                     % of reads unmapped: other |	14.34%
                                  CHIMERIC READS:
                       Number of chimeric reads |	0
                            % of chimeric reads |	0.00%
