                                 Started job on |	May 06 10:26:45
                             Started mapping on |	May 06 10:26:45
                                    Finished on |	May 06 10:26:55
       Mapping speed, Million of reads per hour |	6.23

                          Number of input reads |	17294
                      Average input read length |	83
                                    UNIQUE READS:
                   Uniquely mapped reads number |	11993
                        Uniquely mapped reads % |	69.35%
                          Average mapped length |	82.68
                       Number of splices: Total |	1053
            Number of splices: Annotated (sjdb) |	0
                       Number of splices: GT/AG |	876
                       Number of splices: GC/AG |	17
                       Number of splices: AT/AC |	0
               Number of splices: Non-canonical |	160
                      Mismatch rate per base, % |	2.50%
                         Deletion rate per base |	0.05%
                        Deletion average length |	1.83
                        Insertion rate per base |	0.07%
                       Insertion average length |	2.29
                             MULTI-MAPPING READS:
        Number of reads mapped to multiple loci |	2510
             % of reads mapped to multiple loci |	14.51%
        Number of reads mapped to too many loci |	126
             % of reads mapped to too many loci |	0.73%
                                  UNMAPPED READS:
  Number of reads unmapped: too many mismatches |	0
       % of reads unmapped: too many mismatches |	0.00%
            Number of reads unmapped: too short |	2542
                 % of reads unmapped: too short |	14.70%
                Number of reads unmapped: other |	123
                     % of reads unmapped: other |	0.71%
                                  CHIMERIC READS:
                       Number of chimeric reads |	0
                            % of chimeric reads |	0.00%
