                                 Started job on |	May 06 12:38:58
                             Started mapping on |	May 06 12:38:59
                                    Finished on |	May 06 12:57:40
       Mapping speed, Million of reads per hour |	0.95

                          Number of input reads |	295883
                      Average input read length |	195
                                    UNIQUE READS:
                   Uniquely mapped reads number |	182236
                        Uniquely mapped reads % |	61.59%
                          Average mapped length |	190.95
                       Number of splices: Total |	47376
            Number of splices: Annotated (sjdb) |	0
                       Number of splices: GT/AG |	33471
                       Number of splices: GC/AG |	620
                       Number of splices: AT/AC |	74
               Number of splices: Non-canonical |	13211
                      Mismatch rate per base, % |	1.26%
                         Deletion rate per base |	0.05%
                        Deletion average length |	1.99
                        Insertion rate per base |	0.05%
                       Insertion average length |	2.21
                             MULTI-MAPPING READS:
        Number of reads mapped to multiple loci |	20240
             % of reads mapped to multiple loci |	6.84%
        Number of reads mapped to too many loci |	447
             % of reads mapped to too many loci |	0.15%
                                  UNMAPPED READS:
  Number of reads unmapped: too many mismatches |	0
       % of reads unmapped: too many mismatches |	0.00%
            Number of reads unmapped: too short |	45389
                 % of reads unmapped: too short |	15.34%
                Number of reads unmapped: other |	47571
                     % of reads unmapped: other |	16.08%
                                  CHIMERIC READS:
                       Number of chimeric reads |	0
                            % of chimeric reads |	0.00%
