                                 Started job on |	May 04 16:05:59
                             Started mapping on |	May 04 16:05:59
                                    Finished on |	May 04 16:06:08
       Mapping speed, Million of reads per hour |	6.40

                          Number of input reads |	16004
                      Average input read length |	83
                                    UNIQUE READS:
                   Uniquely mapped reads number |	11429
                        Uniquely mapped reads % |	71.41%
                          Average mapped length |	82.41
                       Number of splices: Total |	872
            Number of splices: Annotated (sjdb) |	0
                       Number of splices: GT/AG |	679
                       Number of splices: GC/AG |	19
                       Number of splices: AT/AC |	1
               Number of splices: Non-canonical |	173
                      Mismatch rate per base, % |	2.57%
                         Deletion rate per base |	0.05%
                        Deletion average length |	1.83
                        Insertion rate per base |	0.06%
                       Insertion average length |	2.14
                             MULTI-MAPPING READS:
        Number of reads mapped to multiple loci |	2120
             % of reads mapped to multiple loci |	13.25%
        Number of reads mapped to too many loci |	101
             % of reads mapped to too many loci |	0.63%
                                  UNMAPPED READS:
  Number of reads unmapped: too many mismatches |	0
       % of reads unmapped: too many mismatches |	0.00%
            Number of reads unmapped: too short |	2211
                 % of reads unmapped: too short |	13.82%
                Number of reads unmapped: other |	143
                     % of reads unmapped: other |	0.89%
                                  CHIMERIC READS:
                       Number of chimeric reads |	0
                            % of chimeric reads |	0.00%
