                                 Started job on |	May 06 09:21:13
                             Started mapping on |	May 06 09:21:13
                                    Finished on |	May 06 09:32:07
       Mapping speed, Million of reads per hour |	1.17

                          Number of input reads |	212369
                      Average input read length |	195
                                    UNIQUE READS:
                   Uniquely mapped reads number |	138919
                        Uniquely mapped reads % |	65.41%
                          Average mapped length |	192.23
                       Number of splices: Total |	28244
            Number of splices: Annotated (sjdb) |	0
                       Number of splices: GT/AG |	19813
                       Number of splices: GC/AG |	339
                       Number of splices: AT/AC |	34
               Number of splices: Non-canonical |	8058
                      Mismatch rate per base, % |	1.01%
                         Deletion rate per base |	0.13%
                        Deletion average length |	2.78
                        Insertion rate per base |	0.04%
                       Insertion average length |	2.29
                             MULTI-MAPPING READS:
        Number of reads mapped to multiple loci |	11673
             % of reads mapped to multiple loci |	5.50%
        Number of reads mapped to too many loci |	338
             % of reads mapped to too many loci |	0.16%
                                  UNMAPPED READS:
  Number of reads unmapped: too many mismatches |	0
       % of reads unmapped: too many mismatches |	0.00%
            Number of reads unmapped: too short |	32740
                 % of reads unmapped: too short |	15.42%
                Number of reads unmapped: other |	28699
                     % of reads unmapped: other |	13.51%
                                  CHIMERIC READS:
                       Number of chimeric reads |	0
                            % of chimeric reads |	0.00%
