                                 Started job on |	May 06 12:57:40
                             Started mapping on |	May 06 12:57:40
                                    Finished on |	May 06 12:57:51
       Mapping speed, Million of reads per hour |	6.02

                          Number of input reads |	18388
                      Average input read length |	84
                                    UNIQUE READS:
                   Uniquely mapped reads number |	12369
                        Uniquely mapped reads % |	67.27%
                          Average mapped length |	82.02
                       Number of splices: Total |	1014
            Number of splices: Annotated (sjdb) |	0
                       Number of splices: GT/AG |	835
                       Number of splices: GC/AG |	15
                       Number of splices: AT/AC |	0
               Number of splices: Non-canonical |	164
                      Mismatch rate per base, % |	2.58%
                         Deletion rate per base |	0.05%
                        Deletion average length |	1.82
                        Insertion rate per base |	0.06%
                       Insertion average length |	2.17
                             MULTI-MAPPING READS:
        Number of reads mapped to multiple loci |	2505
             % of reads mapped to multiple loci |	13.62%
        Number of reads mapped to too many loci |	137
             % of reads mapped to too many loci |	0.75%
                                  UNMAPPED READS:
  Number of reads unmapped: too many mismatches |	0
       % of reads unmapped: too many mismatches |	0.00%
            Number of reads unmapped: too short |	3248
                 % of reads unmapped: too short |	17.66%
                Number of reads unmapped: other |	129
                     % of reads unmapped: other |	0.70%
                                  CHIMERIC READS:
                       Number of chimeric reads |	0
                            % of chimeric reads |	0.00%
