                                 Started job on |	May 06 10:08:37
                             Started mapping on |	May 06 10:08:37
                                    Finished on |	May 06 10:26:45
       Mapping speed, Million of reads per hour |	0.99

                          Number of input reads |	299100
                      Average input read length |	196
                                    UNIQUE READS:
                   Uniquely mapped reads number |	188233
                        Uniquely mapped reads % |	62.93%
                          Average mapped length |	191.12
                       Number of splices: Total |	45903
            Number of splices: Annotated (sjdb) |	0
                       Number of splices: GT/AG |	32726
                       Number of splices: GC/AG |	723
                       Number of splices: AT/AC |	88
               Number of splices: Non-canonical |	12366
                      Mismatch rate per base, % |	1.21%
                         Deletion rate per base |	0.05%
                        Deletion average length |	2.01
                        Insertion rate per base |	0.04%
                       Insertion average length |	2.15
                             MULTI-MAPPING READS:
        Number of reads mapped to multiple loci |	20103
             % of reads mapped to multiple loci |	6.72%
        Number of reads mapped to too many loci |	413
             % of reads mapped to too many loci |	0.14%
                                  UNMAPPED READS:
  Number of reads unmapped: too many mismatches |	0
       % of reads unmapped: too many mismatches |	0.00%
            Number of reads unmapped: too short |	43225
                 % of reads unmapped: too short |	14.45%
                Number of reads unmapped: other |	47126
                     % of reads unmapped: other |	15.76%
                                  CHIMERIC READS:
                       Number of chimeric reads |	0
                            % of chimeric reads |	0.00%
