                                 Started job on |	May 06 09:21:04
                             Started mapping on |	May 06 09:21:04
                                    Finished on |	May 06 09:21:13
       Mapping speed, Million of reads per hour |	5.95

                          Number of input reads |	14877
                      Average input read length |	83
                                    UNIQUE READS:
                   Uniquely mapped reads number |	10747
                        Uniquely mapped reads % |	72.24%
                          Average mapped length |	83.46
                       Number of splices: Total |	954
            Number of splices: Annotated (sjdb) |	0
                       Number of splices: GT/AG |	782
                       Number of splices: GC/AG |	12
                       Number of splices: AT/AC |	1
               Number of splices: Non-canonical |	159
                      Mismatch rate per base, % |	2.59%
                         Deletion rate per base |	0.04%
                        Deletion average length |	1.70
                        Insertion rate per base |	0.08%
                       Insertion average length |	2.73
                             MULTI-MAPPING READS:
        Number of reads mapped to multiple loci |	2038
             % of reads mapped to multiple loci |	13.70%
        Number of reads mapped to too many loci |	131
             % of reads mapped to too many loci |	0.88%
                                  UNMAPPED READS:
  Number of reads unmapped: too many mismatches |	0
       % of reads unmapped: too many mismatches |	0.00%
            Number of reads unmapped: too short |	1855
                 % of reads unmapped: too short |	12.47%
                Number of reads unmapped: other |	106
                     % of reads unmapped: other |	0.71%
                                  CHIMERIC READS:
                       Number of chimeric reads |	0
                            % of chimeric reads |	0.00%
