                                 Started job on |	May 04 16:39:15
                             Started mapping on |	May 04 16:39:15
                                    Finished on |	May 04 16:39:24
       Mapping speed, Million of reads per hour |	6.18

                          Number of input reads |	15456
                      Average input read length |	83
                                    UNIQUE READS:
                   Uniquely mapped reads number |	10768
                        Uniquely mapped reads % |	69.67%
                          Average mapped length |	82.76
                       Number of splices: Total |	829
            Number of splices: Annotated (sjdb) |	0
                       Number of splices: GT/AG |	659
                       Number of splices: GC/AG |	8
                       Number of splices: AT/AC |	3
               Number of splices: Non-canonical |	159
                      Mismatch rate per base, % |	2.71%
                         Deletion rate per base |	0.06%
                        Deletion average length |	1.84
                        Insertion rate per base |	0.07%
                       Insertion average length |	2.29
                             MULTI-MAPPING READS:
        Number of reads mapped to multiple loci |	2216
             % of reads mapped to multiple loci |	14.34%
        Number of reads mapped to too many loci |	132
             % of reads mapped to too many loci |	0.85%
                                  UNMAPPED READS:
  Number of reads unmapped: too many mismatches |	0
       % of reads unmapped: too many mismatches |	0.00%
            Number of reads unmapped: too short |	2200
                 % of reads unmapped: too short |	14.23%
                Number of reads unmapped: other |	140
                     % of reads unmapped: other |	0.91%
                                  CHIMERIC READS:
                       Number of chimeric reads |	0
                            % of chimeric reads |	0.00%
