                                 Started job on |	May 04 15:38:29
                             Started mapping on |	May 04 15:38:29
                                    Finished on |	May 04 15:38:38
       Mapping speed, Million of reads per hour |	6.34

                          Number of input reads |	15853
                      Average input read length |	82
                                    UNIQUE READS:
                   Uniquely mapped reads number |	10899
                        Uniquely mapped reads % |	68.75%
                          Average mapped length |	81.53
                       Number of splices: Total |	746
            Number of splices: Annotated (sjdb) |	0
                       Number of splices: GT/AG |	596
                       Number of splices: GC/AG |	8
                       Number of splices: AT/AC |	0
               Number of splices: Non-canonical |	142
                      Mismatch rate per base, % |	2.33%
                         Deletion rate per base |	0.05%
                        Deletion average length |	2.08
                        Insertion rate per base |	0.06%
                       Insertion average length |	2.13
                             MULTI-MAPPING READS:
        Number of reads mapped to multiple loci |	2129
             % of reads mapped to multiple loci |	13.43%
        Number of reads mapped to too many loci |	134
             % of reads mapped to too many loci |	0.85%
                                  UNMAPPED READS:
  Number of reads unmapped: too many mismatches |	0
       % of reads unmapped: too many mismatches |	0.00%
            Number of reads unmapped: too short |	2576
                 % of reads unmapped: too short |	16.25%
                Number of reads unmapped: other |	115
                     % of reads unmapped: other |	0.73%
                                  CHIMERIC READS:
                       Number of chimeric reads |	0
                            % of chimeric reads |	0.00%
