                                 Started job on |	May 06 08:52:59
                             Started mapping on |	May 06 08:52:59
                                    Finished on |	May 06 09:07:44
       Mapping speed, Million of reads per hour |	1.13

                          Number of input reads |	278635
                      Average input read length |	196
                                    UNIQUE READS:
                   Uniquely mapped reads number |	185007
                        Uniquely mapped reads % |	66.40%
                          Average mapped length |	192.32
                       Number of splices: Total |	36215
            Number of splices: Annotated (sjdb) |	0
                       Number of splices: GT/AG |	25839
                       Number of splices: GC/AG |	543
                       Number of splices: AT/AC |	75
               Number of splices: Non-canonical |	9758
                      Mismatch rate per base, % |	1.00%
                         Deletion rate per base |	0.04%
                        Deletion average length |	1.95
                        Insertion rate per base |	0.03%
                       Insertion average length |	2.08
                             MULTI-MAPPING READS:
        Number of reads mapped to multiple loci |	16001
             % of reads mapped to multiple loci |	5.74%
        Number of reads mapped to too many loci |	353
             % of reads mapped to too many loci |	0.13%
                                  UNMAPPED READS:
  Number of reads unmapped: too many mismatches |	0
       % of reads unmapped: too many mismatches |	0.00%
            Number of reads unmapped: too short |	39575
                 % of reads unmapped: too short |	14.20%
                Number of reads unmapped: other |	37699
                     % of reads unmapped: other |	13.53%
                                  CHIMERIC READS:
                       Number of chimeric reads |	0
                            % of chimeric reads |	0.00%
