                                 Started job on |	May 06 10:46:10
                             Started mapping on |	May 06 10:46:10
                                    Finished on |	May 06 10:56:19
       Mapping speed, Million of reads per hour |	1.12

                          Number of input reads |	189260
                      Average input read length |	193
                                    UNIQUE READS:
                   Uniquely mapped reads number |	115893
                        Uniquely mapped reads % |	61.23%
                          Average mapped length |	191.33
                       Number of splices: Total |	27769
            Number of splices: Annotated (sjdb) |	0
                       Number of splices: GT/AG |	20818
                       Number of splices: GC/AG |	324
                       Number of splices: AT/AC |	30
               Number of splices: Non-canonical |	6597
                      Mismatch rate per base, % |	0.92%
                         Deletion rate per base |	0.08%
                        Deletion average length |	2.76
                        Insertion rate per base |	0.05%
                       Insertion average length |	2.56
                             MULTI-MAPPING READS:
        Number of reads mapped to multiple loci |	9122
             % of reads mapped to multiple loci |	4.82%
        Number of reads mapped to too many loci |	463
             % of reads mapped to too many loci |	0.24%
                                  UNMAPPED READS:
  Number of reads unmapped: too many mismatches |	0
       % of reads unmapped: too many mismatches |	0.00%
            Number of reads unmapped: too short |	37339
                 % of reads unmapped: too short |	19.73%
                Number of reads unmapped: other |	26443
                     % of reads unmapped: other |	13.97%
                                  CHIMERIC READS:
                       Number of chimeric reads |	0
                            % of chimeric reads |	0.00%
