                                 Started job on |	May 06 08:52:37
                             Started mapping on |	May 06 08:52:37
                                    Finished on |	May 06 08:52:58
       Mapping speed, Million of reads per hour |	7.30

                          Number of input reads |	42559
                      Average input read length |	76
                                    UNIQUE READS:
                   Uniquely mapped reads number |	28977
                        Uniquely mapped reads % |	68.09%
                          Average mapped length |	77.80
                       Number of splices: Total |	1906
            Number of splices: Annotated (sjdb) |	0
                       Number of splices: GT/AG |	1601
                       Number of splices: GC/AG |	36
                       Number of splices: AT/AC |	2
               Number of splices: Non-canonical |	267
                      Mismatch rate per base, % |	2.25%
                         Deletion rate per base |	0.06%
                        Deletion average length |	1.83
                        Insertion rate per base |	0.06%
                       Insertion average length |	2.29
                             MULTI-MAPPING READS:
        Number of reads mapped to multiple loci |	7214
             % of reads mapped to multiple loci |	16.95%
        Number of reads mapped to too many loci |	355
             % of reads mapped to too many loci |	0.83%
                                  UNMAPPED READS:
  Number of reads unmapped: too many mismatches |	0
       % of reads unmapped: too many mismatches |	0.00%
            Number of reads unmapped: too short |	5596
                 % of reads unmapped: too short |	13.15%
                Number of reads unmapped: other |	417
                     % of reads unmapped: other |	0.98%
                                  CHIMERIC READS:
                       Number of chimeric reads |	0
                            % of chimeric reads |	0.00%
