                                 Started job on |	May 04 16:39:24
                             Started mapping on |	May 04 16:39:24
                                    Finished on |	May 04 16:56:42
       Mapping speed, Million of reads per hour |	1.10

                          Number of input reads |	316794
                      Average input read length |	193
                                    UNIQUE READS:
                   Uniquely mapped reads number |	198469
                        Uniquely mapped reads % |	62.65%
                          Average mapped length |	187.21
                       Number of splices: Total |	47946
            Number of splices: Annotated (sjdb) |	0
                       Number of splices: GT/AG |	33263
                       Number of splices: GC/AG |	772
                       Number of splices: AT/AC |	97
               Number of splices: Non-canonical |	13814
                      Mismatch rate per base, % |	1.49%
                         Deletion rate per base |	0.06%
                        Deletion average length |	1.93
                        Insertion rate per base |	0.05%
                       Insertion average length |	2.23
                             MULTI-MAPPING READS:
        Number of reads mapped to multiple loci |	24299
             % of reads mapped to multiple loci |	7.67%
        Number of reads mapped to too many loci |	478
             % of reads mapped to too many loci |	0.15%
                                  UNMAPPED READS:
  Number of reads unmapped: too many mismatches |	0
       % of reads unmapped: too many mismatches |	0.00%
            Number of reads unmapped: too short |	54412
                 % of reads unmapped: too short |	17.18%
                Number of reads unmapped: other |	39136
                     % of reads unmapped: other |	12.35%
                                  CHIMERIC READS:
                       Number of chimeric reads |	0
                            % of chimeric reads |	0.00%
