                                 Started job on |	May 04 16:06:08
                             Started mapping on |	May 04 16:06:08
                                    Finished on |	May 04 16:23:34
       Mapping speed, Million of reads per hour |	0.98

                          Number of input reads |	286002
                      Average input read length |	195
                                    UNIQUE READS:
                   Uniquely mapped reads number |	165902
                        Uniquely mapped reads % |	58.01%
                          Average mapped length |	190.19
                       Number of splices: Total |	43118
            Number of splices: Annotated (sjdb) |	0
                       Number of splices: GT/AG |	29439
                       Number of splices: GC/AG |	645
                       Number of splices: AT/AC |	79
               Number of splices: Non-canonical |	12955
                      Mismatch rate per base, % |	1.48%
                         Deletion rate per base |	0.06%
                        Deletion average length |	2.10
                        Insertion rate per base |	0.05%
                       Insertion average length |	2.25
                             MULTI-MAPPING READS:
        Number of reads mapped to multiple loci |	21912
             % of reads mapped to multiple loci |	7.66%
        Number of reads mapped to too many loci |	459
             % of reads mapped to too many loci |	0.16%
                                  UNMAPPED READS:
  Number of reads unmapped: too many mismatches |	0
       % of reads unmapped: too many mismatches |	0.00%
            Number of reads unmapped: too short |	46516
                 % of reads unmapped: too short |	16.26%
                Number of reads unmapped: other |	51213
                     % of reads unmapped: other |	17.91%
                                  CHIMERIC READS:
                       Number of chimeric reads |	0
                            % of chimeric reads |	0.00%
