                                 Started job on |	May 06 09:07:44
                             Started mapping on |	May 06 09:07:44
                                    Finished on |	May 06 09:07:54
       Mapping speed, Million of reads per hour |	7.35

                          Number of input reads |	20418
                      Average input read length |	82
                                    UNIQUE READS:
                   Uniquely mapped reads number |	15183
                        Uniquely mapped reads % |	74.36%
                          Average mapped length |	79.48
                       Number of splices: Total |	912
            Number of splices: Annotated (sjdb) |	0
                       Number of splices: GT/AG |	711
                       Number of splices: GC/AG |	13
                       Number of splices: AT/AC |	0
               Number of splices: Non-canonical |	188
                      Mismatch rate per base, % |	1.96%
                         Deletion rate per base |	0.04%
                        Deletion average length |	1.83
                        Insertion rate per base |	0.04%
                       Insertion average length |	2.07
                             MULTI-MAPPING READS:
        Number of reads mapped to multiple loci |	2215
             % of reads mapped to multiple loci |	10.85%
        Number of reads mapped to too many loci |	196
             % of reads mapped to too many loci |	0.96%
                                  UNMAPPED READS:
  Number of reads unmapped: too many mismatches |	0
       % of reads unmapped: too many mismatches |	0.00%
            Number of reads unmapped: too short |	2697
                 % of reads unmapped: too short |	13.21%
                Number of reads unmapped: other |	127
                     % of reads unmapped: other |	0.62%
                                  CHIMERIC READS:
                       Number of chimeric reads |	0
                            % of chimeric reads |	0.00%
