                                 Started job on |	May 06 09:45:41
                             Started mapping on |	May 06 09:45:41
                                    Finished on |	May 06 09:45:51
       Mapping speed, Million of reads per hour |	6.65

                          Number of input reads |	18470
                      Average input read length |	84
                                    UNIQUE READS:
                   Uniquely mapped reads number |	12823
                        Uniquely mapped reads % |	69.43%
                          Average mapped length |	83.41
                       Number of splices: Total |	990
            Number of splices: Annotated (sjdb) |	0
                       Number of splices: GT/AG |	817
                       Number of splices: GC/AG |	5
                       Number of splices: AT/AC |	0
               Number of splices: Non-canonical |	168
                      Mismatch rate per base, % |	2.24%
                         Deletion rate per base |	0.05%
                        Deletion average length |	1.95
                        Insertion rate per base |	0.08%
                       Insertion average length |	2.47
                             MULTI-MAPPING READS:
        Number of reads mapped to multiple loci |	2106
             % of reads mapped to multiple loci |	11.40%
        Number of reads mapped to too many loci |	228
             % of reads mapped to too many loci |	1.23%
                                  UNMAPPED READS:
  Number of reads unmapped: too many mismatches |	0
       % of reads unmapped: too many mismatches |	0.00%
            Number of reads unmapped: too short |	3209
                 % of reads unmapped: too short |	17.37%
                Number of reads unmapped: other |	104
                     % of reads unmapped: other |	0.56%
                                  CHIMERIC READS:
                       Number of chimeric reads |	0
                            % of chimeric reads |	0.00%
