                                 Started job on |	May 06 09:07:54
                             Started mapping on |	May 06 09:07:54
                                    Finished on |	May 06 09:21:04
       Mapping speed, Million of reads per hour |	1.01

                          Number of input reads |	222584
                      Average input read length |	195
                                    UNIQUE READS:
                   Uniquely mapped reads number |	143601
                        Uniquely mapped reads % |	64.52%
                          Average mapped length |	191.46
                       Number of splices: Total |	34288
            Number of splices: Annotated (sjdb) |	0
                       Number of splices: GT/AG |	26248
                       Number of splices: GC/AG |	377
                       Number of splices: AT/AC |	64
               Number of splices: Non-canonical |	7599
                      Mismatch rate per base, % |	1.16%
                         Deletion rate per base |	0.04%
                        Deletion average length |	2.02
                        Insertion rate per base |	0.05%
                       Insertion average length |	2.33
                             MULTI-MAPPING READS:
        Number of reads mapped to multiple loci |	14773
             % of reads mapped to multiple loci |	6.64%
        Number of reads mapped to too many loci |	258
             % of reads mapped to too many loci |	0.12%
                                  UNMAPPED READS:
  Number of reads unmapped: too many mismatches |	0
       % of reads unmapped: too many mismatches |	0.00%
            Number of reads unmapped: too short |	31755
                 % of reads unmapped: too short |	14.27%
                Number of reads unmapped: other |	32197
                     % of reads unmapped: other |	14.47%
                                  CHIMERIC READS:
                       Number of chimeric reads |	0
                            % of chimeric reads |	0.00%
