                                 Started job on |	May 04 15:26:08
                             Started mapping on |	May 04 15:26:08
                                    Finished on |	May 04 15:38:29
       Mapping speed, Million of reads per hour |	1.11

                          Number of input reads |	228310
                      Average input read length |	196
                                    UNIQUE READS:
                   Uniquely mapped reads number |	144997
                        Uniquely mapped reads % |	63.51%
                          Average mapped length |	192.18
                       Number of splices: Total |	34014
            Number of splices: Annotated (sjdb) |	0
                       Number of splices: GT/AG |	23730
                       Number of splices: GC/AG |	451
                       Number of splices: AT/AC |	55
               Number of splices: Non-canonical |	9778
                      Mismatch rate per base, % |	1.13%
                         Deletion rate per base |	0.05%
                        Deletion average length |	2.09
                        Insertion rate per base |	0.05%
                       Insertion average length |	2.25
                             MULTI-MAPPING READS:
        Number of reads mapped to multiple loci |	13719
             % of reads mapped to multiple loci |	6.01%
        Number of reads mapped to too many loci |	330
             % of reads mapped to too many loci |	0.14%
                                  UNMAPPED READS:
  Number of reads unmapped: too many mismatches |	0
       % of reads unmapped: too many mismatches |	0.00%
            Number of reads unmapped: too short |	34571
                 % of reads unmapped: too short |	15.14%
                Number of reads unmapped: other |	34693
                     % of reads unmapped: other |	15.20%
                                  CHIMERIC READS:
                       Number of chimeric reads |	0
                            % of chimeric reads |	0.00%
