                                 Started job on |	May 04 16:23:34
                             Started mapping on |	May 04 16:23:34
                                    Finished on |	May 04 16:23:44
       Mapping speed, Million of reads per hour |	6.89

                          Number of input reads |	19138
                      Average input read length |	83
                                    UNIQUE READS:
                   Uniquely mapped reads number |	13298
                        Uniquely mapped reads % |	69.48%
                          Average mapped length |	82.06
                       Number of splices: Total |	1072
            Number of splices: Annotated (sjdb) |	0
                       Number of splices: GT/AG |	868
                       Number of splices: GC/AG |	17
                       Number of splices: AT/AC |	1
               Number of splices: Non-canonical |	186
                      Mismatch rate per base, % |	2.72%
                         Deletion rate per base |	0.07%
                        Deletion average length |	1.96
                        Insertion rate per base |	0.08%
                       Insertion average length |	2.41
                             MULTI-MAPPING READS:
        Number of reads mapped to multiple loci |	2722
             % of reads mapped to multiple loci |	14.22%
        Number of reads mapped to too many loci |	130
             % of reads mapped to too many loci |	0.68%
                                  UNMAPPED READS:
  Number of reads unmapped: too many mismatches |	0
       % of reads unmapped: too many mismatches |	0.00%
            Number of reads unmapped: too short |	2818
                 % of reads unmapped: too short |	14.72%
                Number of reads unmapped: other |	170
                     % of reads unmapped: other |	0.89%
                                  CHIMERIC READS:
                       Number of chimeric reads |	0
                            % of chimeric reads |	0.00%
