                                 Started job on |	May 06 08:27:33
                             Started mapping on |	May 06 08:27:34
                                    Finished on |	May 06 08:52:37
       Mapping speed, Million of reads per hour |	1.17

                          Number of input reads |	489431
                      Average input read length |	193
                                    UNIQUE READS:
                   Uniquely mapped reads number |	327836
                        Uniquely mapped reads % |	66.98%
                          Average mapped length |	190.25
                       Number of splices: Total |	64039
            Number of splices: Annotated (sjdb) |	0
                       Number of splices: GT/AG |	46906
                       Number of splices: GC/AG |	737
                       Number of splices: AT/AC |	94
               Number of splices: Non-canonical |	16302
                      Mismatch rate per base, % |	0.94%
                         Deletion rate per base |	0.04%
                        Deletion average length |	1.96
                        Insertion rate per base |	0.04%
                       Insertion average length |	2.16
                             MULTI-MAPPING READS:
        Number of reads mapped to multiple loci |	26049
             % of reads mapped to multiple loci |	5.32%
        Number of reads mapped to too many loci |	435
             % of reads mapped to too many loci |	0.09%
                                  UNMAPPED READS:
  Number of reads unmapped: too many mismatches |	0
       % of reads unmapped: too many mismatches |	0.00%
            Number of reads unmapped: too short |	71636
                 % of reads unmapped: too short |	14.64%
                Number of reads unmapped: other |	63475
                     % of reads unmapped: other |	12.97%
                                  CHIMERIC READS:
                       Number of chimeric reads |	0
                            % of chimeric reads |	0.00%
