                                 Started job on |	May 04 15:51:14
                             Started mapping on |	May 04 15:51:14
                                    Finished on |	May 04 15:51:23
       Mapping speed, Million of reads per hour |	8.50

                          Number of input reads |	21247
                      Average input read length |	79
                                    UNIQUE READS:
                   Uniquely mapped reads number |	15958
                        Uniquely mapped reads % |	75.11%
                          Average mapped length |	78.72
                       Number of splices: Total |	825
            Number of splices: Annotated (sjdb) |	0
                       Number of splices: GT/AG |	675
                       Number of splices: GC/AG |	9
                       Number of splices: AT/AC |	0
               Number of splices: Non-canonical |	141
                      Mismatch rate per base, % |	1.99%
                         Deletion rate per base |	0.04%
                        Deletion average length |	1.95
                        Insertion rate per base |	0.05%
                       Insertion average length |	2.29
                             MULTI-MAPPING READS:
        Number of reads mapped to multiple loci |	2290
             % of reads mapped to multiple loci |	10.78%
        Number of reads mapped to too many loci |	176
             % of reads mapped to too many loci |	0.83%
                                  UNMAPPED READS:
  Number of reads unmapped: too many mismatches |	0
       % of reads unmapped: too many mismatches |	0.00%
            Number of reads unmapped: too short |	2704
                 % of reads unmapped: too short |	12.73%
                Number of reads unmapped: other |	119
                     % of reads unmapped: other |	0.56%
                                  CHIMERIC READS:
                       Number of chimeric reads |	0
                            % of chimeric reads |	0.00%
