                                 Started job on |	May 06 10:08:20
                             Started mapping on |	May 06 10:08:20
                                    Finished on |	May 06 10:08:37
       Mapping speed, Million of reads per hour |	6.25

                          Number of input reads |	29508
                      Average input read length |	76
                                    UNIQUE READS:
                   Uniquely mapped reads number |	19943
                        Uniquely mapped reads % |	67.59%
                          Average mapped length |	77.62
                       Number of splices: Total |	1433
            Number of splices: Annotated (sjdb) |	0
                       Number of splices: GT/AG |	1200
                       Number of splices: GC/AG |	13
                       Number of splices: AT/AC |	0
               Number of splices: Non-canonical |	220
                      Mismatch rate per base, % |	2.59%
                         Deletion rate per base |	0.07%
                        Deletion average length |	1.82
                        Insertion rate per base |	0.08%
                       Insertion average length |	2.62
                             MULTI-MAPPING READS:
        Number of reads mapped to multiple loci |	5053
             % of reads mapped to multiple loci |	17.12%
        Number of reads mapped to too many loci |	176
             % of reads mapped to too many loci |	0.60%
                                  UNMAPPED READS:
  Number of reads unmapped: too many mismatches |	0
       % of reads unmapped: too many mismatches |	0.00%
            Number of reads unmapped: too short |	4011
                 % of reads unmapped: too short |	13.59%
                Number of reads unmapped: other |	325
                     % of reads unmapped: other |	1.10%
                                  CHIMERIC READS:
                       Number of chimeric reads |	0
                            % of chimeric reads |	0.00%
